<?xml version="1.0" encoding="UTF-8"?>
<testsuite xmlns:xsi="http://www.w3.org/2001/XMLSchema-instance" xsi:noNamespaceSchemaLocation="https://maven.apache.org/surefire/maven-surefire-plugin/xsd/surefire-test-report-3.0.xsd" version="3.0" name="com.wipro.spring.SpringDemo.AppTest" time="0.051" tests="1" errors="0" skipped="0" failures="0">
  <properties>
    <property name="java.specification.version" value="24"/>
    <property name="sun.cpu.isalist" value="amd64"/>
    <property name="sun.jnu.encoding" value="Cp1252"/>
    <property name="java.class.path" value="C:\Users\meman\eclipse-workspace\SpringDemo\target\test-classes;C:\Users\meman\eclipse-workspace\SpringDemo\target\classes;C:\Users\meman\.m2\repository\junit\junit\3.8.1\junit-3.8.1.jar;C:\Users\meman\.m2\repository\org\springframework\spring-context\5.3.32\spring-context-5.3.32.jar;C:\Users\meman\.m2\repository\org\springframework\spring-aop\5.3.32\spring-aop-5.3.32.jar;C:\Users\meman\.m2\repository\org\springframework\spring-beans\5.3.32\spring-beans-5.3.32.jar;C:\Users\meman\.m2\repository\org\springframework\spring-core\5.3.32\spring-core-5.3.32.jar;C:\Users\meman\.m2\repository\org\springframework\spring-jcl\5.3.32\spring-jcl-5.3.32.jar;C:\Users\meman\.m2\repository\org\springframework\spring-expression\5.3.32\spring-expression-5.3.32.jar;"/>
    <property name="java.vm.vendor" value="Oracle Corporation"/>
    <property name="sun.arch.data.model" value="64"/>
    <property name="user.variant" value=""/>
    <property name="java.vendor.url" value="https://java.oracle.com/"/>
    <property name="user.timezone" value="Asia/Calcutta"/>
    <property name="os.name" value="Windows 11"/>
    <property name="java.vm.specification.version" value="24"/>
    <property name="sun.java.launcher" value="SUN_STANDARD"/>
    <property name="user.country" value="IN"/>
    <property name="sun.boot.library.path" value="C:\Program Files\Java\jdk-24\bin"/>
    <property name="sun.java.command" value="C:\Users\meman\AppData\Local\Temp\surefire12583021848712321096\surefirebooter-20250729145913267_3.jar C:\Users\meman\AppData\Local\Temp\surefire12583021848712321096 2025-07-29T14-59-13_068-jvmRun1 surefire-20250729145913267_1tmp surefire_0-20250729145913267_2tmp"/>
    <property name="jdk.debug" value="release"/>
    <property name="surefire.test.class.path" value="C:\Users\meman\eclipse-workspace\SpringDemo\target\test-classes;C:\Users\meman\eclipse-workspace\SpringDemo\target\classes;C:\Users\meman\.m2\repository\junit\junit\3.8.1\junit-3.8.1.jar;C:\Users\meman\.m2\repository\org\springframework\spring-context\5.3.32\spring-context-5.3.32.jar;C:\Users\meman\.m2\repository\org\springframework\spring-aop\5.3.32\spring-aop-5.3.32.jar;C:\Users\meman\.m2\repository\org\springframework\spring-beans\5.3.32\spring-beans-5.3.32.jar;C:\Users\meman\.m2\repository\org\springframework\spring-core\5.3.32\spring-core-5.3.32.jar;C:\Users\meman\.m2\repository\org\springframework\spring-jcl\5.3.32\spring-jcl-5.3.32.jar;C:\Users\meman\.m2\repository\org\springframework\spring-expression\5.3.32\spring-expression-5.3.32.jar;"/>
    <property name="sun.cpu.endian" value="little"/>
    <property name="user.home" value="C:\Users\meman"/>
    <property name="user.language" value="en"/>
    <property name="java.specification.vendor" value="Oracle Corporation"/>
    <property name="java.version.date" value="2025-07-15"/>
    <property name="java.home" value="C:\Program Files\Java\jdk-24"/>
    <property name="file.separator" value="\"/>
    <property name="basedir" value="C:\Users\meman\eclipse-workspace\SpringDemo"/>
    <property name="style.color" value="always"/>
    <property name="java.vm.compressedOopsMode" value="Zero based"/>
    <property name="line.separator" value="&#10;"/>
    <property name="java.vm.specification.vendor" value="Oracle Corporation"/>
    <property name="java.specification.name" value="Java Platform API Specification"/>
    <property name="surefire.real.class.path" value="C:\Users\meman\AppData\Local\Temp\surefire12583021848712321096\surefirebooter-20250729145913267_3.jar"/>
    <property name="user.script" value=""/>
    <property name="sun.management.compiler" value="HotSpot 64-Bit Tiered Compilers"/>
    <property name="java.runtime.version" value="24.0.2+12-54"/>
    <property name="user.name" value="meman"/>
    <property name="stdout.encoding" value="Cp1252"/>
    <property name="path.separator" value=";"/>
    <property name="os.version" value="10.0"/>
    <property name="java.runtime.name" value="Java(TM) SE Runtime Environment"/>
    <property name="file.encoding" value="UTF-8"/>
    <property name="java.vm.name" value="Java HotSpot(TM) 64-Bit Server VM"/>
    <property name="localRepository" value="C:\Users\meman\.m2\repository"/>
    <property name="java.vendor.url.bug" value="https://bugreport.java.com/bugreport/"/>
    <property name="java.io.tmpdir" value="C:\Users\meman\AppData\Local\Temp\"/>
    <property name="java.version" value="24.0.2"/>
    <property name="user.dir" value="C:\Users\meman\eclipse-workspace\SpringDemo"/>
    <property name="os.arch" value="amd64"/>
    <property name="java.vm.specification.name" value="Java Virtual Machine Specification"/>
    <property name="sun.os.patch.level" value=""/>
    <property name="native.encoding" value="Cp1252"/>
    <property name="java.library.path" value="C:\Program Files\Java\jdk-24\bin;C:\WINDOWS\Sun\Java\bin;C:\WINDOWS\system32;C:\WINDOWS;C:/Users/meman/.p2/pool/plugins/org.eclipse.justj.openjdk.hotspot.jre.full.win32.x86_64_21.0.8.v20250724-1412/jre/bin/server;C:/Users/meman/.p2/pool/plugins/org.eclipse.justj.openjdk.hotspot.jre.full.win32.x86_64_21.0.8.v20250724-1412/jre/bin;C:\Program Files\Common Files\Oracle\Java\javapath;C:\apache-maven-3.6.0\apache-maven-3.6.0\bin;C:\Program Files\Python313\Scripts\;C:\Program Files\Python313\;C:\windows\system32;C:\windows;C:\windows\System32\Wbem;C:\windows\System32\WindowsPowerShell\v1.0\;C:\windows\System32\OpenSSH\;C:\Program Files (x86)\MySQL\MySQL Installer for Windows;C:\Program Files\dotnet\;C:\Program Files\MySQL\MySQL Shell 8.0\bin\;C:\Users\meman\AppData\Local\Microsoft\WindowsApps;C:\Users\meman\AppData\Local\Programs\Microsoft VS Code\bin;C:\Users\meman\AppData\Local\Muse Hub\lib;C:\Program Files\nodejs\;C:\Program Files\Git\cmd;C:\Users\meman\Downloads\apache-maven-3.9.6-bin.zip\apache-maven-3.9.6\bin;;C:\WINDOWS\system32;C:\WINDOWS;C:\WINDOWS\System32\Wbem;C:\WINDOWS\System32\WindowsPowerShell\v1.0\;C:\WINDOWS\System32\OpenSSH\;C:\Program Files\MySQL\MySQL Shell 8.0\bin\;C:\Users\meman\AppData\Local\Microsoft\WindowsApps;;C:\Users\meman\AppData\Local\Programs\Microsoft VS Code\bin;C:\Users\meman\AppData\Local\Muse Hub\lib;C:\Users\meman\AppData\Roaming\npm;C:\WINDOWS\system32;;."/>
    <property name="java.vm.info" value="mixed mode, sharing"/>
    <property name="stderr.encoding" value="Cp1252"/>
    <property name="java.vendor" value="Oracle Corporation"/>
    <property name="java.vm.version" value="24.0.2+12-54"/>
    <property name="sun.io.unicode.encoding" value="UnicodeLittle"/>
    <property name="java.class.version" value="68.0"/>
  </properties>
  <testcase name="testApp" classname="com.wipro.spring.SpringDemo.AppTest" time="0.006"/>
</testsuite>